2022-05-15 20:01:58,083 [main] INFO  [s.d.s.w.r.operation.CachingOperationNameGenerator] CachingOperationNameGenerator.java:40 - Generating unique operation named: addGoodsOrderUsingPOST_1
2022-05-15 20:01:58,097 [main] INFO  [s.d.s.w.r.operation.CachingOperationNameGenerator] CachingOperationNameGenerator.java:40 - Generating unique operation named: deleteUsingPOST_1
2022-05-15 20:01:58,109 [main] INFO  [s.d.s.w.r.operation.CachingOperationNameGenerator] CachingOperationNameGenerator.java:40 - Generating unique operation named: changeEnableUsingPOST_2
2022-05-15 20:01:58,110 [main] INFO  [s.d.s.w.r.operation.CachingOperationNameGenerator] CachingOperationNameGenerator.java:40 - Generating unique operation named: checkMobileUsingPOST_1
2022-05-15 20:01:58,115 [main] INFO  [s.d.s.w.r.operation.CachingOperationNameGenerator] CachingOperationNameGenerator.java:40 - Generating unique operation named: getLoginUserInfoUsingPOST_1
2022-05-15 20:01:58,119 [main] INFO  [s.d.s.w.r.operation.CachingOperationNameGenerator] CachingOperationNameGenerator.java:40 - Generating unique operation named: getMenuListUsingPOST_1
2022-05-15 20:01:58,141 [main] INFO  [s.d.s.w.r.operation.CachingOperationNameGenerator] CachingOperationNameGenerator.java:40 - Generating unique operation named: saveUserInfoUsingPOST_1
2022-05-15 20:01:58,143 [main] INFO  [s.d.s.w.r.operation.CachingOperationNameGenerator] CachingOperationNameGenerator.java:40 - Generating unique operation named: updatePassUsingPOST_1
2022-05-15 20:01:58,145 [main] INFO  [s.d.s.w.r.operation.CachingOperationNameGenerator] CachingOperationNameGenerator.java:40 - Generating unique operation named: uploadAvatarUsingPOST_1
2022-05-15 20:01:58,178 [main] INFO  [s.d.spring.web.scanners.ApiListingReferenceScanner] ApiListingReferenceScanner.java:41 - Scanning for api listing references
2022-05-15 20:01:58,187 [main] INFO  [s.d.s.w.r.operation.CachingOperationNameGenerator] CachingOperationNameGenerator.java:40 - Generating unique operation named: registerUsingPOST_1
2022-05-15 20:01:58,189 [main] INFO  [s.d.s.w.r.operation.CachingOperationNameGenerator] CachingOperationNameGenerator.java:40 - Generating unique operation named: registerValidateUsernameUsingPOST_1
2022-05-15 20:01:58,191 [main] INFO  [s.d.s.w.r.operation.CachingOperationNameGenerator] CachingOperationNameGenerator.java:40 - Generating unique operation named: forgotPassUsingPOST_1
2022-05-15 20:01:58,192 [main] INFO  [s.d.s.w.r.operation.CachingOperationNameGenerator] CachingOperationNameGenerator.java:40 - Generating unique operation named: getLoginUserInfoUsingPOST_2
2022-05-15 20:01:58,194 [main] INFO  [s.d.s.w.r.operation.CachingOperationNameGenerator] CachingOperationNameGenerator.java:40 - Generating unique operation named: saveUserInfoUsingPOST_2
2022-05-15 20:01:58,197 [main] INFO  [s.d.s.w.r.operation.CachingOperationNameGenerator] CachingOperationNameGenerator.java:40 - Generating unique operation named: updatePassUsingPOST_2
2022-05-15 20:01:58,199 [main] INFO  [s.d.s.w.r.operation.CachingOperationNameGenerator] CachingOperationNameGenerator.java:40 - Generating unique operation named: uploadAvatarUsingPOST_2
2022-05-15 20:01:58,203 [main] INFO  [s.d.s.w.r.operation.CachingOperationNameGenerator] CachingOperationNameGenerator.java:40 - Generating unique operation named: addUsingPOST_1
2022-05-15 20:01:58,204 [main] INFO  [s.d.s.w.r.operation.CachingOperationNameGenerator] CachingOperationNameGenerator.java:40 - Generating unique operation named: deleteUsingPOST_2
2022-05-15 20:01:58,206 [main] INFO  [s.d.s.w.r.operation.CachingOperationNameGenerator] CachingOperationNameGenerator.java:40 - Generating unique operation named: editUsingPOST_1
2022-05-15 20:01:58,207 [main] INFO  [s.d.s.w.r.operation.CachingOperationNameGenerator] CachingOperationNameGenerator.java:40 - Generating unique operation named: getConsigneeAddressUsingPOST_1
2022-05-15 20:01:58,208 [main] INFO  [s.d.s.w.r.operation.CachingOperationNameGenerator] CachingOperationNameGenerator.java:40 - Generating unique operation named: getConsigneeAddressListUsingPOST_1
2022-05-15 20:01:58,210 [main] INFO  [s.d.s.w.r.operation.CachingOperationNameGenerator] CachingOperationNameGenerator.java:40 - Generating unique operation named: setDefaultUsingPOST_1
2022-05-15 20:01:58,214 [main] INFO  [s.d.s.w.r.operation.CachingOperationNameGenerator] CachingOperationNameGenerator.java:40 - Generating unique operation named: addGoodsCartUsingPOST_1
2022-05-15 20:01:58,219 [main] INFO  [s.d.s.w.r.operation.CachingOperationNameGenerator] CachingOperationNameGenerator.java:40 - Generating unique operation named: addGoodsOrderUsingPOST_2
2022-05-15 20:01:58,220 [main] INFO  [s.d.s.w.r.operation.CachingOperationNameGenerator] CachingOperationNameGenerator.java:40 - Generating unique operation named: delGoodsCartUsingPOST_1
2022-05-15 20:01:58,221 [main] INFO  [s.d.s.w.r.operation.CachingOperationNameGenerator] CachingOperationNameGenerator.java:40 - Generating unique operation named: getGoodsCartListUsingPOST_1
2022-05-15 20:01:58,223 [main] INFO  [s.d.s.w.r.operation.CachingOperationNameGenerator] CachingOperationNameGenerator.java:40 - Generating unique operation named: updateGoodsCartGoodsNumUsingPOST_1
2022-05-15 20:01:58,224 [main] INFO  [s.d.s.w.r.operation.CachingOperationNameGenerator] CachingOperationNameGenerator.java:40 - Generating unique operation named: getGoodsCategoryListUsingPOST_2
2022-05-15 20:01:58,226 [main] INFO  [s.d.s.w.r.operation.CachingOperationNameGenerator] CachingOperationNameGenerator.java:40 - Generating unique operation named: getGoodsListUsingPOST_3
2022-05-15 20:01:58,227 [main] INFO  [s.d.s.w.r.operation.CachingOperationNameGenerator] CachingOperationNameGenerator.java:40 - Generating unique operation named: getGoodsListUsingPOST_4
2022-05-15 20:01:58,229 [main] INFO  [s.d.s.w.r.operation.CachingOperationNameGenerator] CachingOperationNameGenerator.java:40 - Generating unique operation named: getGoodsListByCategoryUsingPOST_1
2022-05-15 20:01:58,230 [main] INFO  [s.d.s.w.r.operation.CachingOperationNameGenerator] CachingOperationNameGenerator.java:40 - Generating unique operation named: getGoodsListTipUsingPOST_1
2022-05-15 20:01:58,233 [main] INFO  [s.d.s.w.r.operation.CachingOperationNameGenerator] CachingOperationNameGenerator.java:40 - Generating unique operation named: addGoodsOrderUsingPOST_3
2022-05-15 20:01:58,235 [main] INFO  [s.d.s.w.r.operation.CachingOperationNameGenerator] CachingOperationNameGenerator.java:40 - Generating unique operation named: evaluateUsingPOST_1
2022-05-15 20:01:58,236 [main] INFO  [s.d.s.w.r.operation.CachingOperationNameGenerator] CachingOperationNameGenerator.java:40 - Generating unique operation named: getGoodsOrderDetailUsingPOST_1
2022-05-15 20:01:58,238 [main] INFO  [s.d.s.w.r.operation.CachingOperationNameGenerator] CachingOperationNameGenerator.java:40 - Generating unique operation named: getGoodsOrderListUsingPOST_1
2022-05-15 20:01:58,240 [main] INFO  [s.d.s.w.r.operation.CachingOperationNameGenerator] CachingOperationNameGenerator.java:40 - Generating unique operation named: updateStatusUsingPOST_1
2022-05-15 20:01:58,241 [main] INFO  [s.d.s.w.r.operation.CachingOperationNameGenerator] CachingOperationNameGenerator.java:40 - Generating unique operation named: getRotationUsingPOST_1
2022-05-15 20:01:58,840 [main] INFO  [o.s.s.a.ScheduledAnnotationBeanPostProcessor] ScheduledAnnotationBeanPostProcessor.java:315 - No TaskScheduler/ScheduledExecutorService bean found for scheduled processing
2022-05-15 20:01:58,855 [main] INFO  [c.h.y.YdECommercePlatformApiApplication] StartupInfoLogger.java:61 - Started YdECommercePlatformApiApplication in 24.757 seconds (JVM running for 36.095)
2022-05-15 20:01:58,861 [main] INFO  [c.h.yd_ecommerce_platform_api.utils.PropertyUtil] PropertyUtil.java:42 - 开始加载properties文件内容.......
2022-05-15 20:01:58,867 [main] INFO  [c.h.y.utils.PlaceholderUtil] PlaceholderUtil.java:87 - 识别占位符 => [protocol, ip, frontendPort, path]
2022-05-15 20:01:58,881 [main] INFO  [c.h.y.utils.PlaceholderUtil] PlaceholderUtil.java:87 - 识别占位符 => [protocol, ip, backendPort, path]
2022-05-15 20:01:58,881 [main] INFO  [c.h.y.YdECommercePlatformApiApplication] YdECommercePlatformApiApplication.java:22 - 

 ___  ___  ________        ___    _____  ________  ________  ________
|\  \|\  \|\   ____\      |\  \  / __  \|\_____  \|\_____  \|\   __  \
\ \  \\\  \ \  \___|_     \ \  \|\/_|\  \\|___/  /\|____|\ /\ \  \|\  \
 \ \   __  \ \_____  \  __ \ \  \|/ \ \  \   /  / /     \|\  \ \  \\\  \
  \ \  \ \  \|____|\  \|\  \\_\  \   \ \  \ /  / /     __\_\  \ \  \\\  \
   \ \__\ \__\____\_\  \ \________\   \ \__Y__/ /     |\_______\ \_______\
    \|__|\|__|\_________\|________|    \|__|__|/      \|_______|\|_______|
             \|_________|

亿点电子商务平台服务端启动成功 
前端访问地址：http://127.0.0.1:9099/
后端接口地址：http://127.0.0.1:8099/
GitHub项目地址：https://github.com/Hsj1730/YDECommercePlatform/
Gitee项目地址：https://gitee.com/hsj1730/YDECommercePlatform/

